<?xml version="1.0" encoding="UTF-8"?>
<testng-results ignored="0" total="1" passed="1" failed="0" skipped="0">
  <reporter-output>
  </reporter-output>
  <suite started-at="2025-07-07T23:54:13 IST" name="Default suite" finished-at="2025-07-07T23:54:34 IST" duration-ms="21726">
    <groups>
    </groups>
    <test started-at="2025-07-07T23:54:13 IST" name="Default test" finished-at="2025-07-07T23:54:34 IST" duration-ms="21726">
      <class name="Test.LoginTest">
        <test-method is-config="true" signature="setdriver()[pri:0, instance:Test.LoginTest@1ce24091]" started-at="2025-07-07T23:54:13 IST" name="setdriver" finished-at="2025-07-07T23:54:29 IST" duration-ms="15980" status="PASS">
          <reporter-output>
          </reporter-output>
        </test-method> <!-- setdriver -->
        <test-method signature="testLoginAndAddToCart()[pri:0, instance:Test.LoginTest@1ce24091]" started-at="2025-07-07T23:54:29 IST" name="testLoginAndAddToCart" finished-at="2025-07-07T23:54:32 IST" duration-ms="3528" status="PASS">
          <reporter-output>
          </reporter-output>
        </test-method> <!-- testLoginAndAddToCart -->
        <test-method is-config="true" signature="teardown()[pri:0, instance:Test.LoginTest@1ce24091]" started-at="2025-07-07T23:54:32 IST" name="teardown" finished-at="2025-07-07T23:54:34 IST" duration-ms="2059" status="PASS">
          <reporter-output>
          </reporter-output>
        </test-method> <!-- teardown -->
      </class> <!-- Test.LoginTest -->
    </test> <!-- Default test -->
  </suite> <!-- Default suite -->
</testng-results>
